[0m14:32:00.052827 [debug] [MainThread]: Sending event: {'category': 'dbt', 'action': 'invocation', 'label': 'start', 'context': [<snowplow_tracker.self_describing_json.SelfDescribingJson object at 0x00000286E3235550>, <snowplow_tracker.self_describing_json.SelfDescribingJson object at 0x00000286E13D91D0>, <snowplow_tracker.self_describing_json.SelfDescribingJson object at 0x00000286E4357ED0>]}


============================== 14:32:00.059639 | ee1b1b3c-2cef-4815-a9cd-905c7d41c9df ==============================
[0m14:32:00.059639 [info ] [MainThread]: Running with dbt=1.9.2
[0m14:32:00.061138 [debug] [MainThread]: running dbt with arguments {'printer_width': '80', 'indirect_selection': 'eager', 'log_cache_events': 'False', 'write_json': 'True', 'partial_parse': 'True', 'cache_selected_only': 'False', 'profiles_dir': 'C:\\Users\\KIIT\\.dbt', 'fail_fast': 'False', 'version_check': 'True', 'log_path': 'logs', 'warn_error': 'None', 'debug': 'False', 'use_colors': 'True', 'use_experimental_parser': 'False', 'empty': 'None', 'quiet': 'False', 'no_print': 'None', 'warn_error_options': 'WarnErrorOptions(include=[], exclude=[])', 'static_parser': 'True', 'introspect': 'True', 'log_format': 'default', 'target_path': 'None', 'invocation_command': 'dbt init prj_snowflake', 'send_anonymous_usage_stats': 'True'}
[0m14:32:00.090261 [debug] [MainThread]: Starter project path: C:\Users\KIIT\Downloads\fidelity intern\prj_snowflake\prj_snowflake_env\Lib\site-packages\dbt\include\starter_project
[0m14:32:00.114764 [info ] [MainThread]: 
Your new dbt project "prj_snowflake" was created!

For more information on how to configure the profiles.yml file,
please consult the dbt documentation here:

  https://docs.getdbt.com/docs/configure-your-profile

One more thing:

Need help? Don't hesitate to reach out to us via GitHub issues or on Slack:

  https://community.getdbt.com/

Happy modeling!

[0m14:32:00.115673 [info ] [MainThread]: Setting up your profile.
[0m14:36:46.921862 [info ] [MainThread]: Profile prj_snowflake written to C:\Users\KIIT\.dbt\profiles.yml using target's profile_template.yml and your supplied values. Run 'dbt debug' to validate the connection.
[0m14:36:46.923685 [debug] [MainThread]: Command `dbt init` succeeded at 14:36:46.923399 after 287.04 seconds
[0m14:36:46.924268 [debug] [MainThread]: Sending event: {'category': 'dbt', 'action': 'invocation', 'label': 'end', 'context': [<snowplow_tracker.self_describing_json.SelfDescribingJson object at 0x00000286E4F655B0>, <snowplow_tracker.self_describing_json.SelfDescribingJson object at 0x00000286E4696570>, <snowplow_tracker.self_describing_json.SelfDescribingJson object at 0x00000286E4E5BBD0>]}
[0m14:36:46.924766 [debug] [MainThread]: Flushing usage events
[0m14:36:47.902591 [debug] [MainThread]: An error was encountered while trying to flush usage events
[0m14:37:00.807906 [debug] [MainThread]: Sending event: {'category': 'dbt', 'action': 'invocation', 'label': 'start', 'context': [<snowplow_tracker.self_describing_json.SelfDescribingJson object at 0x000001C002505550>, <snowplow_tracker.self_describing_json.SelfDescribingJson object at 0x000001C07FEA91D0>, <snowplow_tracker.self_describing_json.SelfDescribingJson object at 0x000001C003627ED0>]}


============================== 14:37:00.814160 | e3d0f834-2a58-4824-92b4-b9874aa06cee ==============================
[0m14:37:00.814160 [info ] [MainThread]: Running with dbt=1.9.2
[0m14:37:00.815085 [debug] [MainThread]: running dbt with arguments {'printer_width': '80', 'indirect_selection': 'eager', 'log_cache_events': 'False', 'write_json': 'True', 'partial_parse': 'True', 'cache_selected_only': 'False', 'warn_error': 'None', 'fail_fast': 'False', 'debug': 'False', 'log_path': 'logs', 'profiles_dir': 'C:\\Users\\KIIT\\.dbt', 'version_check': 'True', 'use_colors': 'True', 'use_experimental_parser': 'False', 'no_print': 'None', 'quiet': 'False', 'empty': 'None', 'log_format': 'default', 'introspect': 'True', 'static_parser': 'True', 'warn_error_options': 'WarnErrorOptions(include=[], exclude=[])', 'target_path': 'None', 'invocation_command': 'dbt debug', 'send_anonymous_usage_stats': 'True'}
[0m14:37:00.845267 [info ] [MainThread]: dbt version: 1.9.2
[0m14:37:00.845937 [info ] [MainThread]: python version: 3.13.2
[0m14:37:00.846556 [info ] [MainThread]: python path: C:\Users\KIIT\Downloads\fidelity intern\prj_snowflake\prj_snowflake_env\Scripts\python.exe
[0m14:37:00.847294 [info ] [MainThread]: os info: Windows-11-10.0.22631-SP0
[0m14:37:00.852147 [info ] [MainThread]: Error importing adapter: No module named 'dbt.adapters.mysql'
[0m14:37:01.260665 [info ] [MainThread]: Using profiles dir at C:\Users\KIIT\.dbt
[0m14:37:01.261743 [info ] [MainThread]: Using profiles.yml file at C:\Users\KIIT\.dbt\profiles.yml
[0m14:37:01.262757 [info ] [MainThread]: Using dbt_project.yml file at C:\Users\KIIT\Downloads\fidelity intern\prj_snowflake\dbt_project.yml
[0m14:37:01.263348 [info ] [MainThread]: Configuration:
[0m14:37:01.264868 [info ] [MainThread]:   profiles.yml file [[31mERROR invalid[0m]
[0m14:37:01.265587 [info ] [MainThread]:   dbt_project.yml file [[31mERROR not found[0m]
[0m14:37:01.266182 [info ] [MainThread]: Required dependencies:
[0m14:37:01.267068 [debug] [MainThread]: Executing "git --help"
[0m14:37:01.301678 [debug] [MainThread]: STDOUT: "b"usage: git [-v | --version] [-h | --help] [-C <path>] [-c <name>=<value>]\n           [--exec-path[=<path>]] [--html-path] [--man-path] [--info-path]\n           [-p | --paginate | -P | --no-pager] [--no-replace-objects] [--no-lazy-fetch]\n           [--no-optional-locks] [--no-advice] [--bare] [--git-dir=<path>]\n           [--work-tree=<path>] [--namespace=<name>] [--config-env=<name>=<envvar>]\n           <command> [<args>]\n\nThese are common Git commands used in various situations:\n\nstart a working area (see also: git help tutorial)\n   clone      Clone a repository into a new directory\n   init       Create an empty Git repository or reinitialize an existing one\n\nwork on the current change (see also: git help everyday)\n   add        Add file contents to the index\n   mv         Move or rename a file, a directory, or a symlink\n   restore    Restore working tree files\n   rm         Remove files from the working tree and from the index\n\nexamine the history and state (see also: git help revisions)\n   bisect     Use binary search to find the commit that introduced a bug\n   diff       Show changes between commits, commit and working tree, etc\n   grep       Print lines matching a pattern\n   log        Show commit logs\n   show       Show various types of objects\n   status     Show the working tree status\n\ngrow, mark and tweak your common history\n   backfill   Download missing objects in a partial clone\n   branch     List, create, or delete branches\n   commit     Record changes to the repository\n   merge      Join two or more development histories together\n   rebase     Reapply commits on top of another base tip\n   reset      Reset current HEAD to the specified state\n   switch     Switch branches\n   tag        Create, list, delete or verify a tag object signed with GPG\n\ncollaborate (see also: git help workflows)\n   fetch      Download objects and refs from another repository\n   pull       Fetch from and integrate with another repository or a local branch\n   push       Update remote refs along with associated objects\n\n'git help -a' and 'git help -g' list available subcommands and some\nconcept guides. See 'git help <command>' or 'git help <concept>'\nto read about a specific subcommand or concept.\nSee 'git help git' for an overview of the system.\n""
[0m14:37:01.302407 [debug] [MainThread]: STDERR: "b''"
[0m14:37:01.302714 [info ] [MainThread]:  - git [[32mOK found[0m]

[0m14:37:01.303156 [info ] [MainThread]: Connection test skipped since no profile was found
[0m14:37:01.303845 [info ] [MainThread]: [31m2 checks failed:[0m
[0m14:37:01.304474 [info ] [MainThread]: Could not load dbt_project.yml
Profile loading failed for the following reason:
Runtime Error
  Credentials in profile "nested_query", target "dev" invalid: Runtime Error
    Could not find adapter type mysql!


[0m14:37:01.304954 [info ] [MainThread]: Project loading failed for the following reason:
 project path <C:\Users\KIIT\Downloads\fidelity intern\prj_snowflake\dbt_project.yml> not found

[0m14:37:01.306204 [debug] [MainThread]: Command `dbt debug` failed at 14:37:01.305960 after 0.69 seconds
[0m14:37:01.306868 [debug] [MainThread]: Sending event: {'category': 'dbt', 'action': 'invocation', 'label': 'end', 'context': [<snowplow_tracker.self_describing_json.SelfDescribingJson object at 0x000001C005187230>, <snowplow_tracker.self_describing_json.SelfDescribingJson object at 0x000001C0051CDD90>, <snowplow_tracker.self_describing_json.SelfDescribingJson object at 0x000001C00519C8D0>]}
[0m14:37:01.307463 [debug] [MainThread]: Flushing usage events
[0m14:37:02.365154 [debug] [MainThread]: An error was encountered while trying to flush usage events
